Created by PLY version 3.10 (http://www.dabeaz.com/ply)

Grammar

Rule 0     S' -> START
Rule 1     START -> BLOC
Rule 2     BLOC -> BLOC statement SEMICOLON
Rule 3     BLOC -> statement SEMICOLON
Rule 4     statement -> PRINT LPAREN expression RPAREN
Rule 5     statement -> FONCTION NAME LPAREN RPAREN LACOL BLOC RACOL
Rule 6     statement -> NAME LPAREN RPAREN
Rule 7     statement -> FONCTION NAME LPAREN expression RPAREN LACOL BLOC RACOL
Rule 8     statement -> NAME LPAREN expression RPAREN
Rule 9     statement -> PRINTSTR LPAREN STR RPAREN
Rule 10    statement -> WHILE LPAREN expression RPAREN LACOL BLOC RACOL
Rule 11    statement -> IF LPAREN expression RPAREN LACOL BLOC RACOL
Rule 12    statement -> IF LPAREN expression RPAREN LACOL BLOC RACOL ELSE LACOL BLOC RACOL
Rule 13    statement -> FOR LPAREN statement SEMICOLON expression SEMICOLON statement RPAREN LACOL BLOC RACOL
Rule 14    statement -> NAME AFFECT expression
Rule 15    statement -> NAME PLUS PLUS
Rule 16    statement -> NAME PLUS AFFECT expression
Rule 17    expression -> expression PLUS expression
Rule 18    expression -> expression TIMES expression
Rule 19    expression -> expression SAME expression
Rule 20    expression -> expression MINUS expression
Rule 21    expression -> expression DIVIDE expression
Rule 22    expression -> LPAREN expression RPAREN
Rule 23    expression -> NUMBER
Rule 24    expression -> NAME
Rule 25    expression -> TRUE
Rule 26    expression -> FALSE
Rule 27    expression -> expression AND expression
Rule 28    expression -> expression OR expression
Rule 29    expression -> expression INFTO expression
Rule 30    expression -> expression SUPTO expression

Terminals, with rules where they appear

AFFECT               : 14 16
AND                  : 27
DIVIDE               : 21
ELSE                 : 12
FALSE                : 26
FONCTION             : 5 7
FOR                  : 13
IF                   : 11 12
INFTO                : 29
LACOL                : 5 7 10 11 12 12 13
LPAREN               : 4 5 6 7 8 9 10 11 12 13 22
MINUS                : 20
NAME                 : 5 6 7 8 14 15 16 24
NUMBER               : 23
OR                   : 28
PLUS                 : 15 15 16 17
PRINT                : 4
PRINTSTR             : 9
RACOL                : 5 7 10 11 12 12 13
RPAREN               : 4 5 6 7 8 9 10 11 12 13 22
SAME                 : 19
SEMICOLON            : 2 3 13 13
STR                  : 9
SUPTO                : 30
TIMES                : 18
TRUE                 : 25
WHILE                : 10
error                : 

Nonterminals, with rules where they appear

BLOC                 : 1 2 5 7 10 11 12 12 13
START                : 0
expression           : 4 7 8 10 11 12 13 14 16 17 17 18 18 19 19 20 20 21 21 22 27 27 28 28 29 29 30 30
statement            : 2 3 13 13

Parsing method: LALR

state 0

    (0) S' -> . START
    (1) START -> . BLOC
    (2) BLOC -> . BLOC statement SEMICOLON
    (3) BLOC -> . statement SEMICOLON
    (4) statement -> . PRINT LPAREN expression RPAREN
    (5) statement -> . FONCTION NAME LPAREN RPAREN LACOL BLOC RACOL
    (6) statement -> . NAME LPAREN RPAREN
    (7) statement -> . FONCTION NAME LPAREN expression RPAREN LACOL BLOC RACOL
    (8) statement -> . NAME LPAREN expression RPAREN
    (9) statement -> . PRINTSTR LPAREN STR RPAREN
    (10) statement -> . WHILE LPAREN expression RPAREN LACOL BLOC RACOL
    (11) statement -> . IF LPAREN expression RPAREN LACOL BLOC RACOL
    (12) statement -> . IF LPAREN expression RPAREN LACOL BLOC RACOL ELSE LACOL BLOC RACOL
    (13) statement -> . FOR LPAREN statement SEMICOLON expression SEMICOLON statement RPAREN LACOL BLOC RACOL
    (14) statement -> . NAME AFFECT expression
    (15) statement -> . NAME PLUS PLUS
    (16) statement -> . NAME PLUS AFFECT expression

    PRINT           shift and go to state 4
    FONCTION        shift and go to state 5
    NAME            shift and go to state 6
    PRINTSTR        shift and go to state 7
    WHILE           shift and go to state 8
    IF              shift and go to state 9
    FOR             shift and go to state 10

    START                          shift and go to state 1
    BLOC                           shift and go to state 2
    statement                      shift and go to state 3

state 1

    (0) S' -> START .



state 2

    (1) START -> BLOC .
    (2) BLOC -> BLOC . statement SEMICOLON
    (4) statement -> . PRINT LPAREN expression RPAREN
    (5) statement -> . FONCTION NAME LPAREN RPAREN LACOL BLOC RACOL
    (6) statement -> . NAME LPAREN RPAREN
    (7) statement -> . FONCTION NAME LPAREN expression RPAREN LACOL BLOC RACOL
    (8) statement -> . NAME LPAREN expression RPAREN
    (9) statement -> . PRINTSTR LPAREN STR RPAREN
    (10) statement -> . WHILE LPAREN expression RPAREN LACOL BLOC RACOL
    (11) statement -> . IF LPAREN expression RPAREN LACOL BLOC RACOL
    (12) statement -> . IF LPAREN expression RPAREN LACOL BLOC RACOL ELSE LACOL BLOC RACOL
    (13) statement -> . FOR LPAREN statement SEMICOLON expression SEMICOLON statement RPAREN LACOL BLOC RACOL
    (14) statement -> . NAME AFFECT expression
    (15) statement -> . NAME PLUS PLUS
    (16) statement -> . NAME PLUS AFFECT expression

    $end            reduce using rule 1 (START -> BLOC .)
    PRINT           shift and go to state 4
    FONCTION        shift and go to state 5
    NAME            shift and go to state 6
    PRINTSTR        shift and go to state 7
    WHILE           shift and go to state 8
    IF              shift and go to state 9
    FOR             shift and go to state 10

    statement                      shift and go to state 11

state 3

    (3) BLOC -> statement . SEMICOLON

    SEMICOLON       shift and go to state 12


state 4

    (4) statement -> PRINT . LPAREN expression RPAREN

    LPAREN          shift and go to state 13


state 5

    (5) statement -> FONCTION . NAME LPAREN RPAREN LACOL BLOC RACOL
    (7) statement -> FONCTION . NAME LPAREN expression RPAREN LACOL BLOC RACOL

    NAME            shift and go to state 14


state 6

    (6) statement -> NAME . LPAREN RPAREN
    (8) statement -> NAME . LPAREN expression RPAREN
    (14) statement -> NAME . AFFECT expression
    (15) statement -> NAME . PLUS PLUS
    (16) statement -> NAME . PLUS AFFECT expression

    LPAREN          shift and go to state 15
    AFFECT          shift and go to state 16
    PLUS            shift and go to state 17


state 7

    (9) statement -> PRINTSTR . LPAREN STR RPAREN

    LPAREN          shift and go to state 18


state 8

    (10) statement -> WHILE . LPAREN expression RPAREN LACOL BLOC RACOL

    LPAREN          shift and go to state 19


state 9

    (11) statement -> IF . LPAREN expression RPAREN LACOL BLOC RACOL
    (12) statement -> IF . LPAREN expression RPAREN LACOL BLOC RACOL ELSE LACOL BLOC RACOL

    LPAREN          shift and go to state 20


state 10

    (13) statement -> FOR . LPAREN statement SEMICOLON expression SEMICOLON statement RPAREN LACOL BLOC RACOL

    LPAREN          shift and go to state 21


state 11

    (2) BLOC -> BLOC statement . SEMICOLON

    SEMICOLON       shift and go to state 22


state 12

    (3) BLOC -> statement SEMICOLON .

    PRINT           reduce using rule 3 (BLOC -> statement SEMICOLON .)
    FONCTION        reduce using rule 3 (BLOC -> statement SEMICOLON .)
    NAME            reduce using rule 3 (BLOC -> statement SEMICOLON .)
    PRINTSTR        reduce using rule 3 (BLOC -> statement SEMICOLON .)
    WHILE           reduce using rule 3 (BLOC -> statement SEMICOLON .)
    IF              reduce using rule 3 (BLOC -> statement SEMICOLON .)
    FOR             reduce using rule 3 (BLOC -> statement SEMICOLON .)
    $end            reduce using rule 3 (BLOC -> statement SEMICOLON .)
    RACOL           reduce using rule 3 (BLOC -> statement SEMICOLON .)


state 13

    (4) statement -> PRINT LPAREN . expression RPAREN
    (17) expression -> . expression PLUS expression
    (18) expression -> . expression TIMES expression
    (19) expression -> . expression SAME expression
    (20) expression -> . expression MINUS expression
    (21) expression -> . expression DIVIDE expression
    (22) expression -> . LPAREN expression RPAREN
    (23) expression -> . NUMBER
    (24) expression -> . NAME
    (25) expression -> . TRUE
    (26) expression -> . FALSE
    (27) expression -> . expression AND expression
    (28) expression -> . expression OR expression
    (29) expression -> . expression INFTO expression
    (30) expression -> . expression SUPTO expression

    LPAREN          shift and go to state 23
    NUMBER          shift and go to state 25
    NAME            shift and go to state 26
    TRUE            shift and go to state 27
    FALSE           shift and go to state 28

    expression                     shift and go to state 24

state 14

    (5) statement -> FONCTION NAME . LPAREN RPAREN LACOL BLOC RACOL
    (7) statement -> FONCTION NAME . LPAREN expression RPAREN LACOL BLOC RACOL

    LPAREN          shift and go to state 29


state 15

    (6) statement -> NAME LPAREN . RPAREN
    (8) statement -> NAME LPAREN . expression RPAREN
    (17) expression -> . expression PLUS expression
    (18) expression -> . expression TIMES expression
    (19) expression -> . expression SAME expression
    (20) expression -> . expression MINUS expression
    (21) expression -> . expression DIVIDE expression
    (22) expression -> . LPAREN expression RPAREN
    (23) expression -> . NUMBER
    (24) expression -> . NAME
    (25) expression -> . TRUE
    (26) expression -> . FALSE
    (27) expression -> . expression AND expression
    (28) expression -> . expression OR expression
    (29) expression -> . expression INFTO expression
    (30) expression -> . expression SUPTO expression

    RPAREN          shift and go to state 30
    LPAREN          shift and go to state 23
    NUMBER          shift and go to state 25
    NAME            shift and go to state 26
    TRUE            shift and go to state 27
    FALSE           shift and go to state 28

    expression                     shift and go to state 31

state 16

    (14) statement -> NAME AFFECT . expression
    (17) expression -> . expression PLUS expression
    (18) expression -> . expression TIMES expression
    (19) expression -> . expression SAME expression
    (20) expression -> . expression MINUS expression
    (21) expression -> . expression DIVIDE expression
    (22) expression -> . LPAREN expression RPAREN
    (23) expression -> . NUMBER
    (24) expression -> . NAME
    (25) expression -> . TRUE
    (26) expression -> . FALSE
    (27) expression -> . expression AND expression
    (28) expression -> . expression OR expression
    (29) expression -> . expression INFTO expression
    (30) expression -> . expression SUPTO expression

    LPAREN          shift and go to state 23
    NUMBER          shift and go to state 25
    NAME            shift and go to state 26
    TRUE            shift and go to state 27
    FALSE           shift and go to state 28

    expression                     shift and go to state 32

state 17

    (15) statement -> NAME PLUS . PLUS
    (16) statement -> NAME PLUS . AFFECT expression

    PLUS            shift and go to state 33
    AFFECT          shift and go to state 34


state 18

    (9) statement -> PRINTSTR LPAREN . STR RPAREN

    STR             shift and go to state 35


state 19

    (10) statement -> WHILE LPAREN . expression RPAREN LACOL BLOC RACOL
    (17) expression -> . expression PLUS expression
    (18) expression -> . expression TIMES expression
    (19) expression -> . expression SAME expression
    (20) expression -> . expression MINUS expression
    (21) expression -> . expression DIVIDE expression
    (22) expression -> . LPAREN expression RPAREN
    (23) expression -> . NUMBER
    (24) expression -> . NAME
    (25) expression -> . TRUE
    (26) expression -> . FALSE
    (27) expression -> . expression AND expression
    (28) expression -> . expression OR expression
    (29) expression -> . expression INFTO expression
    (30) expression -> . expression SUPTO expression

    LPAREN          shift and go to state 23
    NUMBER          shift and go to state 25
    NAME            shift and go to state 26
    TRUE            shift and go to state 27
    FALSE           shift and go to state 28

    expression                     shift and go to state 36

state 20

    (11) statement -> IF LPAREN . expression RPAREN LACOL BLOC RACOL
    (12) statement -> IF LPAREN . expression RPAREN LACOL BLOC RACOL ELSE LACOL BLOC RACOL
    (17) expression -> . expression PLUS expression
    (18) expression -> . expression TIMES expression
    (19) expression -> . expression SAME expression
    (20) expression -> . expression MINUS expression
    (21) expression -> . expression DIVIDE expression
    (22) expression -> . LPAREN expression RPAREN
    (23) expression -> . NUMBER
    (24) expression -> . NAME
    (25) expression -> . TRUE
    (26) expression -> . FALSE
    (27) expression -> . expression AND expression
    (28) expression -> . expression OR expression
    (29) expression -> . expression INFTO expression
    (30) expression -> . expression SUPTO expression

    LPAREN          shift and go to state 23
    NUMBER          shift and go to state 25
    NAME            shift and go to state 26
    TRUE            shift and go to state 27
    FALSE           shift and go to state 28

    expression                     shift and go to state 37

state 21

    (13) statement -> FOR LPAREN . statement SEMICOLON expression SEMICOLON statement RPAREN LACOL BLOC RACOL
    (4) statement -> . PRINT LPAREN expression RPAREN
    (5) statement -> . FONCTION NAME LPAREN RPAREN LACOL BLOC RACOL
    (6) statement -> . NAME LPAREN RPAREN
    (7) statement -> . FONCTION NAME LPAREN expression RPAREN LACOL BLOC RACOL
    (8) statement -> . NAME LPAREN expression RPAREN
    (9) statement -> . PRINTSTR LPAREN STR RPAREN
    (10) statement -> . WHILE LPAREN expression RPAREN LACOL BLOC RACOL
    (11) statement -> . IF LPAREN expression RPAREN LACOL BLOC RACOL
    (12) statement -> . IF LPAREN expression RPAREN LACOL BLOC RACOL ELSE LACOL BLOC RACOL
    (13) statement -> . FOR LPAREN statement SEMICOLON expression SEMICOLON statement RPAREN LACOL BLOC RACOL
    (14) statement -> . NAME AFFECT expression
    (15) statement -> . NAME PLUS PLUS
    (16) statement -> . NAME PLUS AFFECT expression

    PRINT           shift and go to state 4
    FONCTION        shift and go to state 5
    NAME            shift and go to state 6
    PRINTSTR        shift and go to state 7
    WHILE           shift and go to state 8
    IF              shift and go to state 9
    FOR             shift and go to state 10

    statement                      shift and go to state 38

state 22

    (2) BLOC -> BLOC statement SEMICOLON .

    PRINT           reduce using rule 2 (BLOC -> BLOC statement SEMICOLON .)
    FONCTION        reduce using rule 2 (BLOC -> BLOC statement SEMICOLON .)
    NAME            reduce using rule 2 (BLOC -> BLOC statement SEMICOLON .)
    PRINTSTR        reduce using rule 2 (BLOC -> BLOC statement SEMICOLON .)
    WHILE           reduce using rule 2 (BLOC -> BLOC statement SEMICOLON .)
    IF              reduce using rule 2 (BLOC -> BLOC statement SEMICOLON .)
    FOR             reduce using rule 2 (BLOC -> BLOC statement SEMICOLON .)
    $end            reduce using rule 2 (BLOC -> BLOC statement SEMICOLON .)
    RACOL           reduce using rule 2 (BLOC -> BLOC statement SEMICOLON .)


state 23

    (22) expression -> LPAREN . expression RPAREN
    (17) expression -> . expression PLUS expression
    (18) expression -> . expression TIMES expression
    (19) expression -> . expression SAME expression
    (20) expression -> . expression MINUS expression
    (21) expression -> . expression DIVIDE expression
    (22) expression -> . LPAREN expression RPAREN
    (23) expression -> . NUMBER
    (24) expression -> . NAME
    (25) expression -> . TRUE
    (26) expression -> . FALSE
    (27) expression -> . expression AND expression
    (28) expression -> . expression OR expression
    (29) expression -> . expression INFTO expression
    (30) expression -> . expression SUPTO expression

    LPAREN          shift and go to state 23
    NUMBER          shift and go to state 25
    NAME            shift and go to state 26
    TRUE            shift and go to state 27
    FALSE           shift and go to state 28

    expression                     shift and go to state 39

state 24

    (4) statement -> PRINT LPAREN expression . RPAREN
    (17) expression -> expression . PLUS expression
    (18) expression -> expression . TIMES expression
    (19) expression -> expression . SAME expression
    (20) expression -> expression . MINUS expression
    (21) expression -> expression . DIVIDE expression
    (27) expression -> expression . AND expression
    (28) expression -> expression . OR expression
    (29) expression -> expression . INFTO expression
    (30) expression -> expression . SUPTO expression

    RPAREN          shift and go to state 40
    PLUS            shift and go to state 41
    TIMES           shift and go to state 42
    SAME            shift and go to state 43
    MINUS           shift and go to state 44
    DIVIDE          shift and go to state 45
    AND             shift and go to state 46
    OR              shift and go to state 47
    INFTO           shift and go to state 48
    SUPTO           shift and go to state 49


state 25

    (23) expression -> NUMBER .

    RPAREN          reduce using rule 23 (expression -> NUMBER .)
    PLUS            reduce using rule 23 (expression -> NUMBER .)
    TIMES           reduce using rule 23 (expression -> NUMBER .)
    SAME            reduce using rule 23 (expression -> NUMBER .)
    MINUS           reduce using rule 23 (expression -> NUMBER .)
    DIVIDE          reduce using rule 23 (expression -> NUMBER .)
    AND             reduce using rule 23 (expression -> NUMBER .)
    OR              reduce using rule 23 (expression -> NUMBER .)
    INFTO           reduce using rule 23 (expression -> NUMBER .)
    SUPTO           reduce using rule 23 (expression -> NUMBER .)
    SEMICOLON       reduce using rule 23 (expression -> NUMBER .)


state 26

    (24) expression -> NAME .

    RPAREN          reduce using rule 24 (expression -> NAME .)
    PLUS            reduce using rule 24 (expression -> NAME .)
    TIMES           reduce using rule 24 (expression -> NAME .)
    SAME            reduce using rule 24 (expression -> NAME .)
    MINUS           reduce using rule 24 (expression -> NAME .)
    DIVIDE          reduce using rule 24 (expression -> NAME .)
    AND             reduce using rule 24 (expression -> NAME .)
    OR              reduce using rule 24 (expression -> NAME .)
    INFTO           reduce using rule 24 (expression -> NAME .)
    SUPTO           reduce using rule 24 (expression -> NAME .)
    SEMICOLON       reduce using rule 24 (expression -> NAME .)


state 27

    (25) expression -> TRUE .

    RPAREN          reduce using rule 25 (expression -> TRUE .)
    PLUS            reduce using rule 25 (expression -> TRUE .)
    TIMES           reduce using rule 25 (expression -> TRUE .)
    SAME            reduce using rule 25 (expression -> TRUE .)
    MINUS           reduce using rule 25 (expression -> TRUE .)
    DIVIDE          reduce using rule 25 (expression -> TRUE .)
    AND             reduce using rule 25 (expression -> TRUE .)
    OR              reduce using rule 25 (expression -> TRUE .)
    INFTO           reduce using rule 25 (expression -> TRUE .)
    SUPTO           reduce using rule 25 (expression -> TRUE .)
    SEMICOLON       reduce using rule 25 (expression -> TRUE .)


state 28

    (26) expression -> FALSE .

    RPAREN          reduce using rule 26 (expression -> FALSE .)
    PLUS            reduce using rule 26 (expression -> FALSE .)
    TIMES           reduce using rule 26 (expression -> FALSE .)
    SAME            reduce using rule 26 (expression -> FALSE .)
    MINUS           reduce using rule 26 (expression -> FALSE .)
    DIVIDE          reduce using rule 26 (expression -> FALSE .)
    AND             reduce using rule 26 (expression -> FALSE .)
    OR              reduce using rule 26 (expression -> FALSE .)
    INFTO           reduce using rule 26 (expression -> FALSE .)
    SUPTO           reduce using rule 26 (expression -> FALSE .)
    SEMICOLON       reduce using rule 26 (expression -> FALSE .)


state 29

    (5) statement -> FONCTION NAME LPAREN . RPAREN LACOL BLOC RACOL
    (7) statement -> FONCTION NAME LPAREN . expression RPAREN LACOL BLOC RACOL
    (17) expression -> . expression PLUS expression
    (18) expression -> . expression TIMES expression
    (19) expression -> . expression SAME expression
    (20) expression -> . expression MINUS expression
    (21) expression -> . expression DIVIDE expression
    (22) expression -> . LPAREN expression RPAREN
    (23) expression -> . NUMBER
    (24) expression -> . NAME
    (25) expression -> . TRUE
    (26) expression -> . FALSE
    (27) expression -> . expression AND expression
    (28) expression -> . expression OR expression
    (29) expression -> . expression INFTO expression
    (30) expression -> . expression SUPTO expression

    RPAREN          shift and go to state 50
    LPAREN          shift and go to state 23
    NUMBER          shift and go to state 25
    NAME            shift and go to state 26
    TRUE            shift and go to state 27
    FALSE           shift and go to state 28

    expression                     shift and go to state 51

state 30

    (6) statement -> NAME LPAREN RPAREN .

    SEMICOLON       reduce using rule 6 (statement -> NAME LPAREN RPAREN .)
    RPAREN          reduce using rule 6 (statement -> NAME LPAREN RPAREN .)


state 31

    (8) statement -> NAME LPAREN expression . RPAREN
    (17) expression -> expression . PLUS expression
    (18) expression -> expression . TIMES expression
    (19) expression -> expression . SAME expression
    (20) expression -> expression . MINUS expression
    (21) expression -> expression . DIVIDE expression
    (27) expression -> expression . AND expression
    (28) expression -> expression . OR expression
    (29) expression -> expression . INFTO expression
    (30) expression -> expression . SUPTO expression

    RPAREN          shift and go to state 52
    PLUS            shift and go to state 41
    TIMES           shift and go to state 42
    SAME            shift and go to state 43
    MINUS           shift and go to state 44
    DIVIDE          shift and go to state 45
    AND             shift and go to state 46
    OR              shift and go to state 47
    INFTO           shift and go to state 48
    SUPTO           shift and go to state 49


state 32

    (14) statement -> NAME AFFECT expression .
    (17) expression -> expression . PLUS expression
    (18) expression -> expression . TIMES expression
    (19) expression -> expression . SAME expression
    (20) expression -> expression . MINUS expression
    (21) expression -> expression . DIVIDE expression
    (27) expression -> expression . AND expression
    (28) expression -> expression . OR expression
    (29) expression -> expression . INFTO expression
    (30) expression -> expression . SUPTO expression

    SEMICOLON       reduce using rule 14 (statement -> NAME AFFECT expression .)
    RPAREN          reduce using rule 14 (statement -> NAME AFFECT expression .)
    PLUS            shift and go to state 41
    TIMES           shift and go to state 42
    SAME            shift and go to state 43
    MINUS           shift and go to state 44
    DIVIDE          shift and go to state 45
    AND             shift and go to state 46
    OR              shift and go to state 47
    INFTO           shift and go to state 48
    SUPTO           shift and go to state 49


state 33

    (15) statement -> NAME PLUS PLUS .

    SEMICOLON       reduce using rule 15 (statement -> NAME PLUS PLUS .)
    RPAREN          reduce using rule 15 (statement -> NAME PLUS PLUS .)


state 34

    (16) statement -> NAME PLUS AFFECT . expression
    (17) expression -> . expression PLUS expression
    (18) expression -> . expression TIMES expression
    (19) expression -> . expression SAME expression
    (20) expression -> . expression MINUS expression
    (21) expression -> . expression DIVIDE expression
    (22) expression -> . LPAREN expression RPAREN
    (23) expression -> . NUMBER
    (24) expression -> . NAME
    (25) expression -> . TRUE
    (26) expression -> . FALSE
    (27) expression -> . expression AND expression
    (28) expression -> . expression OR expression
    (29) expression -> . expression INFTO expression
    (30) expression -> . expression SUPTO expression

    LPAREN          shift and go to state 23
    NUMBER          shift and go to state 25
    NAME            shift and go to state 26
    TRUE            shift and go to state 27
    FALSE           shift and go to state 28

    expression                     shift and go to state 53

state 35

    (9) statement -> PRINTSTR LPAREN STR . RPAREN

    RPAREN          shift and go to state 54


state 36

    (10) statement -> WHILE LPAREN expression . RPAREN LACOL BLOC RACOL
    (17) expression -> expression . PLUS expression
    (18) expression -> expression . TIMES expression
    (19) expression -> expression . SAME expression
    (20) expression -> expression . MINUS expression
    (21) expression -> expression . DIVIDE expression
    (27) expression -> expression . AND expression
    (28) expression -> expression . OR expression
    (29) expression -> expression . INFTO expression
    (30) expression -> expression . SUPTO expression

    RPAREN          shift and go to state 55
    PLUS            shift and go to state 41
    TIMES           shift and go to state 42
    SAME            shift and go to state 43
    MINUS           shift and go to state 44
    DIVIDE          shift and go to state 45
    AND             shift and go to state 46
    OR              shift and go to state 47
    INFTO           shift and go to state 48
    SUPTO           shift and go to state 49


state 37

    (11) statement -> IF LPAREN expression . RPAREN LACOL BLOC RACOL
    (12) statement -> IF LPAREN expression . RPAREN LACOL BLOC RACOL ELSE LACOL BLOC RACOL
    (17) expression -> expression . PLUS expression
    (18) expression -> expression . TIMES expression
    (19) expression -> expression . SAME expression
    (20) expression -> expression . MINUS expression
    (21) expression -> expression . DIVIDE expression
    (27) expression -> expression . AND expression
    (28) expression -> expression . OR expression
    (29) expression -> expression . INFTO expression
    (30) expression -> expression . SUPTO expression

    RPAREN          shift and go to state 56
    PLUS            shift and go to state 41
    TIMES           shift and go to state 42
    SAME            shift and go to state 43
    MINUS           shift and go to state 44
    DIVIDE          shift and go to state 45
    AND             shift and go to state 46
    OR              shift and go to state 47
    INFTO           shift and go to state 48
    SUPTO           shift and go to state 49


state 38

    (13) statement -> FOR LPAREN statement . SEMICOLON expression SEMICOLON statement RPAREN LACOL BLOC RACOL

    SEMICOLON       shift and go to state 57


state 39

    (22) expression -> LPAREN expression . RPAREN
    (17) expression -> expression . PLUS expression
    (18) expression -> expression . TIMES expression
    (19) expression -> expression . SAME expression
    (20) expression -> expression . MINUS expression
    (21) expression -> expression . DIVIDE expression
    (27) expression -> expression . AND expression
    (28) expression -> expression . OR expression
    (29) expression -> expression . INFTO expression
    (30) expression -> expression . SUPTO expression

    RPAREN          shift and go to state 58
    PLUS            shift and go to state 41
    TIMES           shift and go to state 42
    SAME            shift and go to state 43
    MINUS           shift and go to state 44
    DIVIDE          shift and go to state 45
    AND             shift and go to state 46
    OR              shift and go to state 47
    INFTO           shift and go to state 48
    SUPTO           shift and go to state 49


state 40

    (4) statement -> PRINT LPAREN expression RPAREN .

    SEMICOLON       reduce using rule 4 (statement -> PRINT LPAREN expression RPAREN .)
    RPAREN          reduce using rule 4 (statement -> PRINT LPAREN expression RPAREN .)


state 41

    (17) expression -> expression PLUS . expression
    (17) expression -> . expression PLUS expression
    (18) expression -> . expression TIMES expression
    (19) expression -> . expression SAME expression
    (20) expression -> . expression MINUS expression
    (21) expression -> . expression DIVIDE expression
    (22) expression -> . LPAREN expression RPAREN
    (23) expression -> . NUMBER
    (24) expression -> . NAME
    (25) expression -> . TRUE
    (26) expression -> . FALSE
    (27) expression -> . expression AND expression
    (28) expression -> . expression OR expression
    (29) expression -> . expression INFTO expression
    (30) expression -> . expression SUPTO expression

    LPAREN          shift and go to state 23
    NUMBER          shift and go to state 25
    NAME            shift and go to state 26
    TRUE            shift and go to state 27
    FALSE           shift and go to state 28

    expression                     shift and go to state 59

state 42

    (18) expression -> expression TIMES . expression
    (17) expression -> . expression PLUS expression
    (18) expression -> . expression TIMES expression
    (19) expression -> . expression SAME expression
    (20) expression -> . expression MINUS expression
    (21) expression -> . expression DIVIDE expression
    (22) expression -> . LPAREN expression RPAREN
    (23) expression -> . NUMBER
    (24) expression -> . NAME
    (25) expression -> . TRUE
    (26) expression -> . FALSE
    (27) expression -> . expression AND expression
    (28) expression -> . expression OR expression
    (29) expression -> . expression INFTO expression
    (30) expression -> . expression SUPTO expression

    LPAREN          shift and go to state 23
    NUMBER          shift and go to state 25
    NAME            shift and go to state 26
    TRUE            shift and go to state 27
    FALSE           shift and go to state 28

    expression                     shift and go to state 60

state 43

    (19) expression -> expression SAME . expression
    (17) expression -> . expression PLUS expression
    (18) expression -> . expression TIMES expression
    (19) expression -> . expression SAME expression
    (20) expression -> . expression MINUS expression
    (21) expression -> . expression DIVIDE expression
    (22) expression -> . LPAREN expression RPAREN
    (23) expression -> . NUMBER
    (24) expression -> . NAME
    (25) expression -> . TRUE
    (26) expression -> . FALSE
    (27) expression -> . expression AND expression
    (28) expression -> . expression OR expression
    (29) expression -> . expression INFTO expression
    (30) expression -> . expression SUPTO expression

    LPAREN          shift and go to state 23
    NUMBER          shift and go to state 25
    NAME            shift and go to state 26
    TRUE            shift and go to state 27
    FALSE           shift and go to state 28

    expression                     shift and go to state 61

state 44

    (20) expression -> expression MINUS . expression
    (17) expression -> . expression PLUS expression
    (18) expression -> . expression TIMES expression
    (19) expression -> . expression SAME expression
    (20) expression -> . expression MINUS expression
    (21) expression -> . expression DIVIDE expression
    (22) expression -> . LPAREN expression RPAREN
    (23) expression -> . NUMBER
    (24) expression -> . NAME
    (25) expression -> . TRUE
    (26) expression -> . FALSE
    (27) expression -> . expression AND expression
    (28) expression -> . expression OR expression
    (29) expression -> . expression INFTO expression
    (30) expression -> . expression SUPTO expression

    LPAREN          shift and go to state 23
    NUMBER          shift and go to state 25
    NAME            shift and go to state 26
    TRUE            shift and go to state 27
    FALSE           shift and go to state 28

    expression                     shift and go to state 62

state 45

    (21) expression -> expression DIVIDE . expression
    (17) expression -> . expression PLUS expression
    (18) expression -> . expression TIMES expression
    (19) expression -> . expression SAME expression
    (20) expression -> . expression MINUS expression
    (21) expression -> . expression DIVIDE expression
    (22) expression -> . LPAREN expression RPAREN
    (23) expression -> . NUMBER
    (24) expression -> . NAME
    (25) expression -> . TRUE
    (26) expression -> . FALSE
    (27) expression -> . expression AND expression
    (28) expression -> . expression OR expression
    (29) expression -> . expression INFTO expression
    (30) expression -> . expression SUPTO expression

    LPAREN          shift and go to state 23
    NUMBER          shift and go to state 25
    NAME            shift and go to state 26
    TRUE            shift and go to state 27
    FALSE           shift and go to state 28

    expression                     shift and go to state 63

state 46

    (27) expression -> expression AND . expression
    (17) expression -> . expression PLUS expression
    (18) expression -> . expression TIMES expression
    (19) expression -> . expression SAME expression
    (20) expression -> . expression MINUS expression
    (21) expression -> . expression DIVIDE expression
    (22) expression -> . LPAREN expression RPAREN
    (23) expression -> . NUMBER
    (24) expression -> . NAME
    (25) expression -> . TRUE
    (26) expression -> . FALSE
    (27) expression -> . expression AND expression
    (28) expression -> . expression OR expression
    (29) expression -> . expression INFTO expression
    (30) expression -> . expression SUPTO expression

    LPAREN          shift and go to state 23
    NUMBER          shift and go to state 25
    NAME            shift and go to state 26
    TRUE            shift and go to state 27
    FALSE           shift and go to state 28

    expression                     shift and go to state 64

state 47

    (28) expression -> expression OR . expression
    (17) expression -> . expression PLUS expression
    (18) expression -> . expression TIMES expression
    (19) expression -> . expression SAME expression
    (20) expression -> . expression MINUS expression
    (21) expression -> . expression DIVIDE expression
    (22) expression -> . LPAREN expression RPAREN
    (23) expression -> . NUMBER
    (24) expression -> . NAME
    (25) expression -> . TRUE
    (26) expression -> . FALSE
    (27) expression -> . expression AND expression
    (28) expression -> . expression OR expression
    (29) expression -> . expression INFTO expression
    (30) expression -> . expression SUPTO expression

    LPAREN          shift and go to state 23
    NUMBER          shift and go to state 25
    NAME            shift and go to state 26
    TRUE            shift and go to state 27
    FALSE           shift and go to state 28

    expression                     shift and go to state 65

state 48

    (29) expression -> expression INFTO . expression
    (17) expression -> . expression PLUS expression
    (18) expression -> . expression TIMES expression
    (19) expression -> . expression SAME expression
    (20) expression -> . expression MINUS expression
    (21) expression -> . expression DIVIDE expression
    (22) expression -> . LPAREN expression RPAREN
    (23) expression -> . NUMBER
    (24) expression -> . NAME
    (25) expression -> . TRUE
    (26) expression -> . FALSE
    (27) expression -> . expression AND expression
    (28) expression -> . expression OR expression
    (29) expression -> . expression INFTO expression
    (30) expression -> . expression SUPTO expression

    LPAREN          shift and go to state 23
    NUMBER          shift and go to state 25
    NAME            shift and go to state 26
    TRUE            shift and go to state 27
    FALSE           shift and go to state 28

    expression                     shift and go to state 66

state 49

    (30) expression -> expression SUPTO . expression
    (17) expression -> . expression PLUS expression
    (18) expression -> . expression TIMES expression
    (19) expression -> . expression SAME expression
    (20) expression -> . expression MINUS expression
    (21) expression -> . expression DIVIDE expression
    (22) expression -> . LPAREN expression RPAREN
    (23) expression -> . NUMBER
    (24) expression -> . NAME
    (25) expression -> . TRUE
    (26) expression -> . FALSE
    (27) expression -> . expression AND expression
    (28) expression -> . expression OR expression
    (29) expression -> . expression INFTO expression
    (30) expression -> . expression SUPTO expression

    LPAREN          shift and go to state 23
    NUMBER          shift and go to state 25
    NAME            shift and go to state 26
    TRUE            shift and go to state 27
    FALSE           shift and go to state 28

    expression                     shift and go to state 67

state 50

    (5) statement -> FONCTION NAME LPAREN RPAREN . LACOL BLOC RACOL

    LACOL           shift and go to state 68


state 51

    (7) statement -> FONCTION NAME LPAREN expression . RPAREN LACOL BLOC RACOL
    (17) expression -> expression . PLUS expression
    (18) expression -> expression . TIMES expression
    (19) expression -> expression . SAME expression
    (20) expression -> expression . MINUS expression
    (21) expression -> expression . DIVIDE expression
    (27) expression -> expression . AND expression
    (28) expression -> expression . OR expression
    (29) expression -> expression . INFTO expression
    (30) expression -> expression . SUPTO expression

    RPAREN          shift and go to state 69
    PLUS            shift and go to state 41
    TIMES           shift and go to state 42
    SAME            shift and go to state 43
    MINUS           shift and go to state 44
    DIVIDE          shift and go to state 45
    AND             shift and go to state 46
    OR              shift and go to state 47
    INFTO           shift and go to state 48
    SUPTO           shift and go to state 49


state 52

    (8) statement -> NAME LPAREN expression RPAREN .

    SEMICOLON       reduce using rule 8 (statement -> NAME LPAREN expression RPAREN .)
    RPAREN          reduce using rule 8 (statement -> NAME LPAREN expression RPAREN .)


state 53

    (16) statement -> NAME PLUS AFFECT expression .
    (17) expression -> expression . PLUS expression
    (18) expression -> expression . TIMES expression
    (19) expression -> expression . SAME expression
    (20) expression -> expression . MINUS expression
    (21) expression -> expression . DIVIDE expression
    (27) expression -> expression . AND expression
    (28) expression -> expression . OR expression
    (29) expression -> expression . INFTO expression
    (30) expression -> expression . SUPTO expression

    SEMICOLON       reduce using rule 16 (statement -> NAME PLUS AFFECT expression .)
    RPAREN          reduce using rule 16 (statement -> NAME PLUS AFFECT expression .)
    PLUS            shift and go to state 41
    TIMES           shift and go to state 42
    SAME            shift and go to state 43
    MINUS           shift and go to state 44
    DIVIDE          shift and go to state 45
    AND             shift and go to state 46
    OR              shift and go to state 47
    INFTO           shift and go to state 48
    SUPTO           shift and go to state 49


state 54

    (9) statement -> PRINTSTR LPAREN STR RPAREN .

    SEMICOLON       reduce using rule 9 (statement -> PRINTSTR LPAREN STR RPAREN .)
    RPAREN          reduce using rule 9 (statement -> PRINTSTR LPAREN STR RPAREN .)


state 55

    (10) statement -> WHILE LPAREN expression RPAREN . LACOL BLOC RACOL

    LACOL           shift and go to state 70


state 56

    (11) statement -> IF LPAREN expression RPAREN . LACOL BLOC RACOL
    (12) statement -> IF LPAREN expression RPAREN . LACOL BLOC RACOL ELSE LACOL BLOC RACOL

    LACOL           shift and go to state 71


state 57

    (13) statement -> FOR LPAREN statement SEMICOLON . expression SEMICOLON statement RPAREN LACOL BLOC RACOL
    (17) expression -> . expression PLUS expression
    (18) expression -> . expression TIMES expression
    (19) expression -> . expression SAME expression
    (20) expression -> . expression MINUS expression
    (21) expression -> . expression DIVIDE expression
    (22) expression -> . LPAREN expression RPAREN
    (23) expression -> . NUMBER
    (24) expression -> . NAME
    (25) expression -> . TRUE
    (26) expression -> . FALSE
    (27) expression -> . expression AND expression
    (28) expression -> . expression OR expression
    (29) expression -> . expression INFTO expression
    (30) expression -> . expression SUPTO expression

    LPAREN          shift and go to state 23
    NUMBER          shift and go to state 25
    NAME            shift and go to state 26
    TRUE            shift and go to state 27
    FALSE           shift and go to state 28

    expression                     shift and go to state 72

state 58

    (22) expression -> LPAREN expression RPAREN .

    RPAREN          reduce using rule 22 (expression -> LPAREN expression RPAREN .)
    PLUS            reduce using rule 22 (expression -> LPAREN expression RPAREN .)
    TIMES           reduce using rule 22 (expression -> LPAREN expression RPAREN .)
    SAME            reduce using rule 22 (expression -> LPAREN expression RPAREN .)
    MINUS           reduce using rule 22 (expression -> LPAREN expression RPAREN .)
    DIVIDE          reduce using rule 22 (expression -> LPAREN expression RPAREN .)
    AND             reduce using rule 22 (expression -> LPAREN expression RPAREN .)
    OR              reduce using rule 22 (expression -> LPAREN expression RPAREN .)
    INFTO           reduce using rule 22 (expression -> LPAREN expression RPAREN .)
    SUPTO           reduce using rule 22 (expression -> LPAREN expression RPAREN .)
    SEMICOLON       reduce using rule 22 (expression -> LPAREN expression RPAREN .)


state 59

    (17) expression -> expression PLUS expression .
    (17) expression -> expression . PLUS expression
    (18) expression -> expression . TIMES expression
    (19) expression -> expression . SAME expression
    (20) expression -> expression . MINUS expression
    (21) expression -> expression . DIVIDE expression
    (27) expression -> expression . AND expression
    (28) expression -> expression . OR expression
    (29) expression -> expression . INFTO expression
    (30) expression -> expression . SUPTO expression

    RPAREN          reduce using rule 17 (expression -> expression PLUS expression .)
    PLUS            reduce using rule 17 (expression -> expression PLUS expression .)
    SAME            reduce using rule 17 (expression -> expression PLUS expression .)
    MINUS           reduce using rule 17 (expression -> expression PLUS expression .)
    AND             reduce using rule 17 (expression -> expression PLUS expression .)
    OR              reduce using rule 17 (expression -> expression PLUS expression .)
    INFTO           reduce using rule 17 (expression -> expression PLUS expression .)
    SUPTO           reduce using rule 17 (expression -> expression PLUS expression .)
    SEMICOLON       reduce using rule 17 (expression -> expression PLUS expression .)
    TIMES           shift and go to state 42
    DIVIDE          shift and go to state 45

  ! TIMES           [ reduce using rule 17 (expression -> expression PLUS expression .) ]
  ! DIVIDE          [ reduce using rule 17 (expression -> expression PLUS expression .) ]
  ! PLUS            [ shift and go to state 41 ]
  ! SAME            [ shift and go to state 43 ]
  ! MINUS           [ shift and go to state 44 ]
  ! AND             [ shift and go to state 46 ]
  ! OR              [ shift and go to state 47 ]
  ! INFTO           [ shift and go to state 48 ]
  ! SUPTO           [ shift and go to state 49 ]


state 60

    (18) expression -> expression TIMES expression .
    (17) expression -> expression . PLUS expression
    (18) expression -> expression . TIMES expression
    (19) expression -> expression . SAME expression
    (20) expression -> expression . MINUS expression
    (21) expression -> expression . DIVIDE expression
    (27) expression -> expression . AND expression
    (28) expression -> expression . OR expression
    (29) expression -> expression . INFTO expression
    (30) expression -> expression . SUPTO expression

    RPAREN          reduce using rule 18 (expression -> expression TIMES expression .)
    PLUS            reduce using rule 18 (expression -> expression TIMES expression .)
    TIMES           reduce using rule 18 (expression -> expression TIMES expression .)
    SAME            reduce using rule 18 (expression -> expression TIMES expression .)
    MINUS           reduce using rule 18 (expression -> expression TIMES expression .)
    DIVIDE          reduce using rule 18 (expression -> expression TIMES expression .)
    AND             reduce using rule 18 (expression -> expression TIMES expression .)
    OR              reduce using rule 18 (expression -> expression TIMES expression .)
    INFTO           reduce using rule 18 (expression -> expression TIMES expression .)
    SUPTO           reduce using rule 18 (expression -> expression TIMES expression .)
    SEMICOLON       reduce using rule 18 (expression -> expression TIMES expression .)

  ! PLUS            [ shift and go to state 41 ]
  ! TIMES           [ shift and go to state 42 ]
  ! SAME            [ shift and go to state 43 ]
  ! MINUS           [ shift and go to state 44 ]
  ! DIVIDE          [ shift and go to state 45 ]
  ! AND             [ shift and go to state 46 ]
  ! OR              [ shift and go to state 47 ]
  ! INFTO           [ shift and go to state 48 ]
  ! SUPTO           [ shift and go to state 49 ]


state 61

    (19) expression -> expression SAME expression .
    (17) expression -> expression . PLUS expression
    (18) expression -> expression . TIMES expression
    (19) expression -> expression . SAME expression
    (20) expression -> expression . MINUS expression
    (21) expression -> expression . DIVIDE expression
    (27) expression -> expression . AND expression
    (28) expression -> expression . OR expression
    (29) expression -> expression . INFTO expression
    (30) expression -> expression . SUPTO expression

  ! shift/reduce conflict for PLUS resolved as shift
  ! shift/reduce conflict for TIMES resolved as shift
  ! shift/reduce conflict for SAME resolved as shift
  ! shift/reduce conflict for MINUS resolved as shift
  ! shift/reduce conflict for DIVIDE resolved as shift
  ! shift/reduce conflict for AND resolved as shift
  ! shift/reduce conflict for OR resolved as shift
  ! shift/reduce conflict for INFTO resolved as shift
  ! shift/reduce conflict for SUPTO resolved as shift
    RPAREN          reduce using rule 19 (expression -> expression SAME expression .)
    SEMICOLON       reduce using rule 19 (expression -> expression SAME expression .)
    PLUS            shift and go to state 41
    TIMES           shift and go to state 42
    SAME            shift and go to state 43
    MINUS           shift and go to state 44
    DIVIDE          shift and go to state 45
    AND             shift and go to state 46
    OR              shift and go to state 47
    INFTO           shift and go to state 48
    SUPTO           shift and go to state 49

  ! PLUS            [ reduce using rule 19 (expression -> expression SAME expression .) ]
  ! TIMES           [ reduce using rule 19 (expression -> expression SAME expression .) ]
  ! SAME            [ reduce using rule 19 (expression -> expression SAME expression .) ]
  ! MINUS           [ reduce using rule 19 (expression -> expression SAME expression .) ]
  ! DIVIDE          [ reduce using rule 19 (expression -> expression SAME expression .) ]
  ! AND             [ reduce using rule 19 (expression -> expression SAME expression .) ]
  ! OR              [ reduce using rule 19 (expression -> expression SAME expression .) ]
  ! INFTO           [ reduce using rule 19 (expression -> expression SAME expression .) ]
  ! SUPTO           [ reduce using rule 19 (expression -> expression SAME expression .) ]


state 62

    (20) expression -> expression MINUS expression .
    (17) expression -> expression . PLUS expression
    (18) expression -> expression . TIMES expression
    (19) expression -> expression . SAME expression
    (20) expression -> expression . MINUS expression
    (21) expression -> expression . DIVIDE expression
    (27) expression -> expression . AND expression
    (28) expression -> expression . OR expression
    (29) expression -> expression . INFTO expression
    (30) expression -> expression . SUPTO expression

    RPAREN          reduce using rule 20 (expression -> expression MINUS expression .)
    PLUS            reduce using rule 20 (expression -> expression MINUS expression .)
    SAME            reduce using rule 20 (expression -> expression MINUS expression .)
    MINUS           reduce using rule 20 (expression -> expression MINUS expression .)
    AND             reduce using rule 20 (expression -> expression MINUS expression .)
    OR              reduce using rule 20 (expression -> expression MINUS expression .)
    INFTO           reduce using rule 20 (expression -> expression MINUS expression .)
    SUPTO           reduce using rule 20 (expression -> expression MINUS expression .)
    SEMICOLON       reduce using rule 20 (expression -> expression MINUS expression .)
    TIMES           shift and go to state 42
    DIVIDE          shift and go to state 45

  ! TIMES           [ reduce using rule 20 (expression -> expression MINUS expression .) ]
  ! DIVIDE          [ reduce using rule 20 (expression -> expression MINUS expression .) ]
  ! PLUS            [ shift and go to state 41 ]
  ! SAME            [ shift and go to state 43 ]
  ! MINUS           [ shift and go to state 44 ]
  ! AND             [ shift and go to state 46 ]
  ! OR              [ shift and go to state 47 ]
  ! INFTO           [ shift and go to state 48 ]
  ! SUPTO           [ shift and go to state 49 ]


state 63

    (21) expression -> expression DIVIDE expression .
    (17) expression -> expression . PLUS expression
    (18) expression -> expression . TIMES expression
    (19) expression -> expression . SAME expression
    (20) expression -> expression . MINUS expression
    (21) expression -> expression . DIVIDE expression
    (27) expression -> expression . AND expression
    (28) expression -> expression . OR expression
    (29) expression -> expression . INFTO expression
    (30) expression -> expression . SUPTO expression

    RPAREN          reduce using rule 21 (expression -> expression DIVIDE expression .)
    PLUS            reduce using rule 21 (expression -> expression DIVIDE expression .)
    TIMES           reduce using rule 21 (expression -> expression DIVIDE expression .)
    SAME            reduce using rule 21 (expression -> expression DIVIDE expression .)
    MINUS           reduce using rule 21 (expression -> expression DIVIDE expression .)
    DIVIDE          reduce using rule 21 (expression -> expression DIVIDE expression .)
    AND             reduce using rule 21 (expression -> expression DIVIDE expression .)
    OR              reduce using rule 21 (expression -> expression DIVIDE expression .)
    INFTO           reduce using rule 21 (expression -> expression DIVIDE expression .)
    SUPTO           reduce using rule 21 (expression -> expression DIVIDE expression .)
    SEMICOLON       reduce using rule 21 (expression -> expression DIVIDE expression .)

  ! PLUS            [ shift and go to state 41 ]
  ! TIMES           [ shift and go to state 42 ]
  ! SAME            [ shift and go to state 43 ]
  ! MINUS           [ shift and go to state 44 ]
  ! DIVIDE          [ shift and go to state 45 ]
  ! AND             [ shift and go to state 46 ]
  ! OR              [ shift and go to state 47 ]
  ! INFTO           [ shift and go to state 48 ]
  ! SUPTO           [ shift and go to state 49 ]


state 64

    (27) expression -> expression AND expression .
    (17) expression -> expression . PLUS expression
    (18) expression -> expression . TIMES expression
    (19) expression -> expression . SAME expression
    (20) expression -> expression . MINUS expression
    (21) expression -> expression . DIVIDE expression
    (27) expression -> expression . AND expression
    (28) expression -> expression . OR expression
    (29) expression -> expression . INFTO expression
    (30) expression -> expression . SUPTO expression

    RPAREN          reduce using rule 27 (expression -> expression AND expression .)
    SAME            reduce using rule 27 (expression -> expression AND expression .)
    AND             reduce using rule 27 (expression -> expression AND expression .)
    SEMICOLON       reduce using rule 27 (expression -> expression AND expression .)
    PLUS            shift and go to state 41
    TIMES           shift and go to state 42
    MINUS           shift and go to state 44
    DIVIDE          shift and go to state 45
    OR              shift and go to state 47
    INFTO           shift and go to state 48
    SUPTO           shift and go to state 49

  ! PLUS            [ reduce using rule 27 (expression -> expression AND expression .) ]
  ! TIMES           [ reduce using rule 27 (expression -> expression AND expression .) ]
  ! MINUS           [ reduce using rule 27 (expression -> expression AND expression .) ]
  ! DIVIDE          [ reduce using rule 27 (expression -> expression AND expression .) ]
  ! OR              [ reduce using rule 27 (expression -> expression AND expression .) ]
  ! INFTO           [ reduce using rule 27 (expression -> expression AND expression .) ]
  ! SUPTO           [ reduce using rule 27 (expression -> expression AND expression .) ]
  ! SAME            [ shift and go to state 43 ]
  ! AND             [ shift and go to state 46 ]


state 65

    (28) expression -> expression OR expression .
    (17) expression -> expression . PLUS expression
    (18) expression -> expression . TIMES expression
    (19) expression -> expression . SAME expression
    (20) expression -> expression . MINUS expression
    (21) expression -> expression . DIVIDE expression
    (27) expression -> expression . AND expression
    (28) expression -> expression . OR expression
    (29) expression -> expression . INFTO expression
    (30) expression -> expression . SUPTO expression

    RPAREN          reduce using rule 28 (expression -> expression OR expression .)
    SAME            reduce using rule 28 (expression -> expression OR expression .)
    AND             reduce using rule 28 (expression -> expression OR expression .)
    OR              reduce using rule 28 (expression -> expression OR expression .)
    SEMICOLON       reduce using rule 28 (expression -> expression OR expression .)
    PLUS            shift and go to state 41
    TIMES           shift and go to state 42
    MINUS           shift and go to state 44
    DIVIDE          shift and go to state 45
    INFTO           shift and go to state 48
    SUPTO           shift and go to state 49

  ! PLUS            [ reduce using rule 28 (expression -> expression OR expression .) ]
  ! TIMES           [ reduce using rule 28 (expression -> expression OR expression .) ]
  ! MINUS           [ reduce using rule 28 (expression -> expression OR expression .) ]
  ! DIVIDE          [ reduce using rule 28 (expression -> expression OR expression .) ]
  ! INFTO           [ reduce using rule 28 (expression -> expression OR expression .) ]
  ! SUPTO           [ reduce using rule 28 (expression -> expression OR expression .) ]
  ! SAME            [ shift and go to state 43 ]
  ! AND             [ shift and go to state 46 ]
  ! OR              [ shift and go to state 47 ]


state 66

    (29) expression -> expression INFTO expression .
    (17) expression -> expression . PLUS expression
    (18) expression -> expression . TIMES expression
    (19) expression -> expression . SAME expression
    (20) expression -> expression . MINUS expression
    (21) expression -> expression . DIVIDE expression
    (27) expression -> expression . AND expression
    (28) expression -> expression . OR expression
    (29) expression -> expression . INFTO expression
    (30) expression -> expression . SUPTO expression

    RPAREN          reduce using rule 29 (expression -> expression INFTO expression .)
    SAME            reduce using rule 29 (expression -> expression INFTO expression .)
    AND             reduce using rule 29 (expression -> expression INFTO expression .)
    OR              reduce using rule 29 (expression -> expression INFTO expression .)
    INFTO           reduce using rule 29 (expression -> expression INFTO expression .)
    SUPTO           reduce using rule 29 (expression -> expression INFTO expression .)
    SEMICOLON       reduce using rule 29 (expression -> expression INFTO expression .)
    PLUS            shift and go to state 41
    TIMES           shift and go to state 42
    MINUS           shift and go to state 44
    DIVIDE          shift and go to state 45

  ! PLUS            [ reduce using rule 29 (expression -> expression INFTO expression .) ]
  ! TIMES           [ reduce using rule 29 (expression -> expression INFTO expression .) ]
  ! MINUS           [ reduce using rule 29 (expression -> expression INFTO expression .) ]
  ! DIVIDE          [ reduce using rule 29 (expression -> expression INFTO expression .) ]
  ! SAME            [ shift and go to state 43 ]
  ! AND             [ shift and go to state 46 ]
  ! OR              [ shift and go to state 47 ]
  ! INFTO           [ shift and go to state 48 ]
  ! SUPTO           [ shift and go to state 49 ]


state 67

    (30) expression -> expression SUPTO expression .
    (17) expression -> expression . PLUS expression
    (18) expression -> expression . TIMES expression
    (19) expression -> expression . SAME expression
    (20) expression -> expression . MINUS expression
    (21) expression -> expression . DIVIDE expression
    (27) expression -> expression . AND expression
    (28) expression -> expression . OR expression
    (29) expression -> expression . INFTO expression
    (30) expression -> expression . SUPTO expression

    RPAREN          reduce using rule 30 (expression -> expression SUPTO expression .)
    SAME            reduce using rule 30 (expression -> expression SUPTO expression .)
    AND             reduce using rule 30 (expression -> expression SUPTO expression .)
    OR              reduce using rule 30 (expression -> expression SUPTO expression .)
    INFTO           reduce using rule 30 (expression -> expression SUPTO expression .)
    SUPTO           reduce using rule 30 (expression -> expression SUPTO expression .)
    SEMICOLON       reduce using rule 30 (expression -> expression SUPTO expression .)
    PLUS            shift and go to state 41
    TIMES           shift and go to state 42
    MINUS           shift and go to state 44
    DIVIDE          shift and go to state 45

  ! PLUS            [ reduce using rule 30 (expression -> expression SUPTO expression .) ]
  ! TIMES           [ reduce using rule 30 (expression -> expression SUPTO expression .) ]
  ! MINUS           [ reduce using rule 30 (expression -> expression SUPTO expression .) ]
  ! DIVIDE          [ reduce using rule 30 (expression -> expression SUPTO expression .) ]
  ! SAME            [ shift and go to state 43 ]
  ! AND             [ shift and go to state 46 ]
  ! OR              [ shift and go to state 47 ]
  ! INFTO           [ shift and go to state 48 ]
  ! SUPTO           [ shift and go to state 49 ]


state 68

    (5) statement -> FONCTION NAME LPAREN RPAREN LACOL . BLOC RACOL
    (2) BLOC -> . BLOC statement SEMICOLON
    (3) BLOC -> . statement SEMICOLON
    (4) statement -> . PRINT LPAREN expression RPAREN
    (5) statement -> . FONCTION NAME LPAREN RPAREN LACOL BLOC RACOL
    (6) statement -> . NAME LPAREN RPAREN
    (7) statement -> . FONCTION NAME LPAREN expression RPAREN LACOL BLOC RACOL
    (8) statement -> . NAME LPAREN expression RPAREN
    (9) statement -> . PRINTSTR LPAREN STR RPAREN
    (10) statement -> . WHILE LPAREN expression RPAREN LACOL BLOC RACOL
    (11) statement -> . IF LPAREN expression RPAREN LACOL BLOC RACOL
    (12) statement -> . IF LPAREN expression RPAREN LACOL BLOC RACOL ELSE LACOL BLOC RACOL
    (13) statement -> . FOR LPAREN statement SEMICOLON expression SEMICOLON statement RPAREN LACOL BLOC RACOL
    (14) statement -> . NAME AFFECT expression
    (15) statement -> . NAME PLUS PLUS
    (16) statement -> . NAME PLUS AFFECT expression

    PRINT           shift and go to state 4
    FONCTION        shift and go to state 5
    NAME            shift and go to state 6
    PRINTSTR        shift and go to state 7
    WHILE           shift and go to state 8
    IF              shift and go to state 9
    FOR             shift and go to state 10

    BLOC                           shift and go to state 73
    statement                      shift and go to state 3

state 69

    (7) statement -> FONCTION NAME LPAREN expression RPAREN . LACOL BLOC RACOL

    LACOL           shift and go to state 74


state 70

    (10) statement -> WHILE LPAREN expression RPAREN LACOL . BLOC RACOL
    (2) BLOC -> . BLOC statement SEMICOLON
    (3) BLOC -> . statement SEMICOLON
    (4) statement -> . PRINT LPAREN expression RPAREN
    (5) statement -> . FONCTION NAME LPAREN RPAREN LACOL BLOC RACOL
    (6) statement -> . NAME LPAREN RPAREN
    (7) statement -> . FONCTION NAME LPAREN expression RPAREN LACOL BLOC RACOL
    (8) statement -> . NAME LPAREN expression RPAREN
    (9) statement -> . PRINTSTR LPAREN STR RPAREN
    (10) statement -> . WHILE LPAREN expression RPAREN LACOL BLOC RACOL
    (11) statement -> . IF LPAREN expression RPAREN LACOL BLOC RACOL
    (12) statement -> . IF LPAREN expression RPAREN LACOL BLOC RACOL ELSE LACOL BLOC RACOL
    (13) statement -> . FOR LPAREN statement SEMICOLON expression SEMICOLON statement RPAREN LACOL BLOC RACOL
    (14) statement -> . NAME AFFECT expression
    (15) statement -> . NAME PLUS PLUS
    (16) statement -> . NAME PLUS AFFECT expression

    PRINT           shift and go to state 4
    FONCTION        shift and go to state 5
    NAME            shift and go to state 6
    PRINTSTR        shift and go to state 7
    WHILE           shift and go to state 8
    IF              shift and go to state 9
    FOR             shift and go to state 10

    BLOC                           shift and go to state 75
    statement                      shift and go to state 3

state 71

    (11) statement -> IF LPAREN expression RPAREN LACOL . BLOC RACOL
    (12) statement -> IF LPAREN expression RPAREN LACOL . BLOC RACOL ELSE LACOL BLOC RACOL
    (2) BLOC -> . BLOC statement SEMICOLON
    (3) BLOC -> . statement SEMICOLON
    (4) statement -> . PRINT LPAREN expression RPAREN
    (5) statement -> . FONCTION NAME LPAREN RPAREN LACOL BLOC RACOL
    (6) statement -> . NAME LPAREN RPAREN
    (7) statement -> . FONCTION NAME LPAREN expression RPAREN LACOL BLOC RACOL
    (8) statement -> . NAME LPAREN expression RPAREN
    (9) statement -> . PRINTSTR LPAREN STR RPAREN
    (10) statement -> . WHILE LPAREN expression RPAREN LACOL BLOC RACOL
    (11) statement -> . IF LPAREN expression RPAREN LACOL BLOC RACOL
    (12) statement -> . IF LPAREN expression RPAREN LACOL BLOC RACOL ELSE LACOL BLOC RACOL
    (13) statement -> . FOR LPAREN statement SEMICOLON expression SEMICOLON statement RPAREN LACOL BLOC RACOL
    (14) statement -> . NAME AFFECT expression
    (15) statement -> . NAME PLUS PLUS
    (16) statement -> . NAME PLUS AFFECT expression

    PRINT           shift and go to state 4
    FONCTION        shift and go to state 5
    NAME            shift and go to state 6
    PRINTSTR        shift and go to state 7
    WHILE           shift and go to state 8
    IF              shift and go to state 9
    FOR             shift and go to state 10

    BLOC                           shift and go to state 76
    statement                      shift and go to state 3

state 72

    (13) statement -> FOR LPAREN statement SEMICOLON expression . SEMICOLON statement RPAREN LACOL BLOC RACOL
    (17) expression -> expression . PLUS expression
    (18) expression -> expression . TIMES expression
    (19) expression -> expression . SAME expression
    (20) expression -> expression . MINUS expression
    (21) expression -> expression . DIVIDE expression
    (27) expression -> expression . AND expression
    (28) expression -> expression . OR expression
    (29) expression -> expression . INFTO expression
    (30) expression -> expression . SUPTO expression

    SEMICOLON       shift and go to state 77
    PLUS            shift and go to state 41
    TIMES           shift and go to state 42
    SAME            shift and go to state 43
    MINUS           shift and go to state 44
    DIVIDE          shift and go to state 45
    AND             shift and go to state 46
    OR              shift and go to state 47
    INFTO           shift and go to state 48
    SUPTO           shift and go to state 49


state 73

    (5) statement -> FONCTION NAME LPAREN RPAREN LACOL BLOC . RACOL
    (2) BLOC -> BLOC . statement SEMICOLON
    (4) statement -> . PRINT LPAREN expression RPAREN
    (5) statement -> . FONCTION NAME LPAREN RPAREN LACOL BLOC RACOL
    (6) statement -> . NAME LPAREN RPAREN
    (7) statement -> . FONCTION NAME LPAREN expression RPAREN LACOL BLOC RACOL
    (8) statement -> . NAME LPAREN expression RPAREN
    (9) statement -> . PRINTSTR LPAREN STR RPAREN
    (10) statement -> . WHILE LPAREN expression RPAREN LACOL BLOC RACOL
    (11) statement -> . IF LPAREN expression RPAREN LACOL BLOC RACOL
    (12) statement -> . IF LPAREN expression RPAREN LACOL BLOC RACOL ELSE LACOL BLOC RACOL
    (13) statement -> . FOR LPAREN statement SEMICOLON expression SEMICOLON statement RPAREN LACOL BLOC RACOL
    (14) statement -> . NAME AFFECT expression
    (15) statement -> . NAME PLUS PLUS
    (16) statement -> . NAME PLUS AFFECT expression

    RACOL           shift and go to state 78
    PRINT           shift and go to state 4
    FONCTION        shift and go to state 5
    NAME            shift and go to state 6
    PRINTSTR        shift and go to state 7
    WHILE           shift and go to state 8
    IF              shift and go to state 9
    FOR             shift and go to state 10

    statement                      shift and go to state 11

state 74

    (7) statement -> FONCTION NAME LPAREN expression RPAREN LACOL . BLOC RACOL
    (2) BLOC -> . BLOC statement SEMICOLON
    (3) BLOC -> . statement SEMICOLON
    (4) statement -> . PRINT LPAREN expression RPAREN
    (5) statement -> . FONCTION NAME LPAREN RPAREN LACOL BLOC RACOL
    (6) statement -> . NAME LPAREN RPAREN
    (7) statement -> . FONCTION NAME LPAREN expression RPAREN LACOL BLOC RACOL
    (8) statement -> . NAME LPAREN expression RPAREN
    (9) statement -> . PRINTSTR LPAREN STR RPAREN
    (10) statement -> . WHILE LPAREN expression RPAREN LACOL BLOC RACOL
    (11) statement -> . IF LPAREN expression RPAREN LACOL BLOC RACOL
    (12) statement -> . IF LPAREN expression RPAREN LACOL BLOC RACOL ELSE LACOL BLOC RACOL
    (13) statement -> . FOR LPAREN statement SEMICOLON expression SEMICOLON statement RPAREN LACOL BLOC RACOL
    (14) statement -> . NAME AFFECT expression
    (15) statement -> . NAME PLUS PLUS
    (16) statement -> . NAME PLUS AFFECT expression

    PRINT           shift and go to state 4
    FONCTION        shift and go to state 5
    NAME            shift and go to state 6
    PRINTSTR        shift and go to state 7
    WHILE           shift and go to state 8
    IF              shift and go to state 9
    FOR             shift and go to state 10

    BLOC                           shift and go to state 79
    statement                      shift and go to state 3

state 75

    (10) statement -> WHILE LPAREN expression RPAREN LACOL BLOC . RACOL
    (2) BLOC -> BLOC . statement SEMICOLON
    (4) statement -> . PRINT LPAREN expression RPAREN
    (5) statement -> . FONCTION NAME LPAREN RPAREN LACOL BLOC RACOL
    (6) statement -> . NAME LPAREN RPAREN
    (7) statement -> . FONCTION NAME LPAREN expression RPAREN LACOL BLOC RACOL
    (8) statement -> . NAME LPAREN expression RPAREN
    (9) statement -> . PRINTSTR LPAREN STR RPAREN
    (10) statement -> . WHILE LPAREN expression RPAREN LACOL BLOC RACOL
    (11) statement -> . IF LPAREN expression RPAREN LACOL BLOC RACOL
    (12) statement -> . IF LPAREN expression RPAREN LACOL BLOC RACOL ELSE LACOL BLOC RACOL
    (13) statement -> . FOR LPAREN statement SEMICOLON expression SEMICOLON statement RPAREN LACOL BLOC RACOL
    (14) statement -> . NAME AFFECT expression
    (15) statement -> . NAME PLUS PLUS
    (16) statement -> . NAME PLUS AFFECT expression

    RACOL           shift and go to state 80
    PRINT           shift and go to state 4
    FONCTION        shift and go to state 5
    NAME            shift and go to state 6
    PRINTSTR        shift and go to state 7
    WHILE           shift and go to state 8
    IF              shift and go to state 9
    FOR             shift and go to state 10

    statement                      shift and go to state 11

state 76

    (11) statement -> IF LPAREN expression RPAREN LACOL BLOC . RACOL
    (12) statement -> IF LPAREN expression RPAREN LACOL BLOC . RACOL ELSE LACOL BLOC RACOL
    (2) BLOC -> BLOC . statement SEMICOLON
    (4) statement -> . PRINT LPAREN expression RPAREN
    (5) statement -> . FONCTION NAME LPAREN RPAREN LACOL BLOC RACOL
    (6) statement -> . NAME LPAREN RPAREN
    (7) statement -> . FONCTION NAME LPAREN expression RPAREN LACOL BLOC RACOL
    (8) statement -> . NAME LPAREN expression RPAREN
    (9) statement -> . PRINTSTR LPAREN STR RPAREN
    (10) statement -> . WHILE LPAREN expression RPAREN LACOL BLOC RACOL
    (11) statement -> . IF LPAREN expression RPAREN LACOL BLOC RACOL
    (12) statement -> . IF LPAREN expression RPAREN LACOL BLOC RACOL ELSE LACOL BLOC RACOL
    (13) statement -> . FOR LPAREN statement SEMICOLON expression SEMICOLON statement RPAREN LACOL BLOC RACOL
    (14) statement -> . NAME AFFECT expression
    (15) statement -> . NAME PLUS PLUS
    (16) statement -> . NAME PLUS AFFECT expression

    RACOL           shift and go to state 81
    PRINT           shift and go to state 4
    FONCTION        shift and go to state 5
    NAME            shift and go to state 6
    PRINTSTR        shift and go to state 7
    WHILE           shift and go to state 8
    IF              shift and go to state 9
    FOR             shift and go to state 10

    statement                      shift and go to state 11

state 77

    (13) statement -> FOR LPAREN statement SEMICOLON expression SEMICOLON . statement RPAREN LACOL BLOC RACOL
    (4) statement -> . PRINT LPAREN expression RPAREN
    (5) statement -> . FONCTION NAME LPAREN RPAREN LACOL BLOC RACOL
    (6) statement -> . NAME LPAREN RPAREN
    (7) statement -> . FONCTION NAME LPAREN expression RPAREN LACOL BLOC RACOL
    (8) statement -> . NAME LPAREN expression RPAREN
    (9) statement -> . PRINTSTR LPAREN STR RPAREN
    (10) statement -> . WHILE LPAREN expression RPAREN LACOL BLOC RACOL
    (11) statement -> . IF LPAREN expression RPAREN LACOL BLOC RACOL
    (12) statement -> . IF LPAREN expression RPAREN LACOL BLOC RACOL ELSE LACOL BLOC RACOL
    (13) statement -> . FOR LPAREN statement SEMICOLON expression SEMICOLON statement RPAREN LACOL BLOC RACOL
    (14) statement -> . NAME AFFECT expression
    (15) statement -> . NAME PLUS PLUS
    (16) statement -> . NAME PLUS AFFECT expression

    PRINT           shift and go to state 4
    FONCTION        shift and go to state 5
    NAME            shift and go to state 6
    PRINTSTR        shift and go to state 7
    WHILE           shift and go to state 8
    IF              shift and go to state 9
    FOR             shift and go to state 10

    statement                      shift and go to state 82

state 78

    (5) statement -> FONCTION NAME LPAREN RPAREN LACOL BLOC RACOL .

    SEMICOLON       reduce using rule 5 (statement -> FONCTION NAME LPAREN RPAREN LACOL BLOC RACOL .)
    RPAREN          reduce using rule 5 (statement -> FONCTION NAME LPAREN RPAREN LACOL BLOC RACOL .)


state 79

    (7) statement -> FONCTION NAME LPAREN expression RPAREN LACOL BLOC . RACOL
    (2) BLOC -> BLOC . statement SEMICOLON
    (4) statement -> . PRINT LPAREN expression RPAREN
    (5) statement -> . FONCTION NAME LPAREN RPAREN LACOL BLOC RACOL
    (6) statement -> . NAME LPAREN RPAREN
    (7) statement -> . FONCTION NAME LPAREN expression RPAREN LACOL BLOC RACOL
    (8) statement -> . NAME LPAREN expression RPAREN
    (9) statement -> . PRINTSTR LPAREN STR RPAREN
    (10) statement -> . WHILE LPAREN expression RPAREN LACOL BLOC RACOL
    (11) statement -> . IF LPAREN expression RPAREN LACOL BLOC RACOL
    (12) statement -> . IF LPAREN expression RPAREN LACOL BLOC RACOL ELSE LACOL BLOC RACOL
    (13) statement -> . FOR LPAREN statement SEMICOLON expression SEMICOLON statement RPAREN LACOL BLOC RACOL
    (14) statement -> . NAME AFFECT expression
    (15) statement -> . NAME PLUS PLUS
    (16) statement -> . NAME PLUS AFFECT expression

    RACOL           shift and go to state 83
    PRINT           shift and go to state 4
    FONCTION        shift and go to state 5
    NAME            shift and go to state 6
    PRINTSTR        shift and go to state 7
    WHILE           shift and go to state 8
    IF              shift and go to state 9
    FOR             shift and go to state 10

    statement                      shift and go to state 11

state 80

    (10) statement -> WHILE LPAREN expression RPAREN LACOL BLOC RACOL .

    SEMICOLON       reduce using rule 10 (statement -> WHILE LPAREN expression RPAREN LACOL BLOC RACOL .)
    RPAREN          reduce using rule 10 (statement -> WHILE LPAREN expression RPAREN LACOL BLOC RACOL .)


state 81

    (11) statement -> IF LPAREN expression RPAREN LACOL BLOC RACOL .
    (12) statement -> IF LPAREN expression RPAREN LACOL BLOC RACOL . ELSE LACOL BLOC RACOL

    SEMICOLON       reduce using rule 11 (statement -> IF LPAREN expression RPAREN LACOL BLOC RACOL .)
    RPAREN          reduce using rule 11 (statement -> IF LPAREN expression RPAREN LACOL BLOC RACOL .)
    ELSE            shift and go to state 84


state 82

    (13) statement -> FOR LPAREN statement SEMICOLON expression SEMICOLON statement . RPAREN LACOL BLOC RACOL

    RPAREN          shift and go to state 85


state 83

    (7) statement -> FONCTION NAME LPAREN expression RPAREN LACOL BLOC RACOL .

    SEMICOLON       reduce using rule 7 (statement -> FONCTION NAME LPAREN expression RPAREN LACOL BLOC RACOL .)
    RPAREN          reduce using rule 7 (statement -> FONCTION NAME LPAREN expression RPAREN LACOL BLOC RACOL .)


state 84

    (12) statement -> IF LPAREN expression RPAREN LACOL BLOC RACOL ELSE . LACOL BLOC RACOL

    LACOL           shift and go to state 86


state 85

    (13) statement -> FOR LPAREN statement SEMICOLON expression SEMICOLON statement RPAREN . LACOL BLOC RACOL

    LACOL           shift and go to state 87


state 86

    (12) statement -> IF LPAREN expression RPAREN LACOL BLOC RACOL ELSE LACOL . BLOC RACOL
    (2) BLOC -> . BLOC statement SEMICOLON
    (3) BLOC -> . statement SEMICOLON
    (4) statement -> . PRINT LPAREN expression RPAREN
    (5) statement -> . FONCTION NAME LPAREN RPAREN LACOL BLOC RACOL
    (6) statement -> . NAME LPAREN RPAREN
    (7) statement -> . FONCTION NAME LPAREN expression RPAREN LACOL BLOC RACOL
    (8) statement -> . NAME LPAREN expression RPAREN
    (9) statement -> . PRINTSTR LPAREN STR RPAREN
    (10) statement -> . WHILE LPAREN expression RPAREN LACOL BLOC RACOL
    (11) statement -> . IF LPAREN expression RPAREN LACOL BLOC RACOL
    (12) statement -> . IF LPAREN expression RPAREN LACOL BLOC RACOL ELSE LACOL BLOC RACOL
    (13) statement -> . FOR LPAREN statement SEMICOLON expression SEMICOLON statement RPAREN LACOL BLOC RACOL
    (14) statement -> . NAME AFFECT expression
    (15) statement -> . NAME PLUS PLUS
    (16) statement -> . NAME PLUS AFFECT expression

    PRINT           shift and go to state 4
    FONCTION        shift and go to state 5
    NAME            shift and go to state 6
    PRINTSTR        shift and go to state 7
    WHILE           shift and go to state 8
    IF              shift and go to state 9
    FOR             shift and go to state 10

    BLOC                           shift and go to state 88
    statement                      shift and go to state 3

state 87

    (13) statement -> FOR LPAREN statement SEMICOLON expression SEMICOLON statement RPAREN LACOL . BLOC RACOL
    (2) BLOC -> . BLOC statement SEMICOLON
    (3) BLOC -> . statement SEMICOLON
    (4) statement -> . PRINT LPAREN expression RPAREN
    (5) statement -> . FONCTION NAME LPAREN RPAREN LACOL BLOC RACOL
    (6) statement -> . NAME LPAREN RPAREN
    (7) statement -> . FONCTION NAME LPAREN expression RPAREN LACOL BLOC RACOL
    (8) statement -> . NAME LPAREN expression RPAREN
    (9) statement -> . PRINTSTR LPAREN STR RPAREN
    (10) statement -> . WHILE LPAREN expression RPAREN LACOL BLOC RACOL
    (11) statement -> . IF LPAREN expression RPAREN LACOL BLOC RACOL
    (12) statement -> . IF LPAREN expression RPAREN LACOL BLOC RACOL ELSE LACOL BLOC RACOL
    (13) statement -> . FOR LPAREN statement SEMICOLON expression SEMICOLON statement RPAREN LACOL BLOC RACOL
    (14) statement -> . NAME AFFECT expression
    (15) statement -> . NAME PLUS PLUS
    (16) statement -> . NAME PLUS AFFECT expression

    PRINT           shift and go to state 4
    FONCTION        shift and go to state 5
    NAME            shift and go to state 6
    PRINTSTR        shift and go to state 7
    WHILE           shift and go to state 8
    IF              shift and go to state 9
    FOR             shift and go to state 10

    statement                      shift and go to state 3
    BLOC                           shift and go to state 89

state 88

    (12) statement -> IF LPAREN expression RPAREN LACOL BLOC RACOL ELSE LACOL BLOC . RACOL
    (2) BLOC -> BLOC . statement SEMICOLON
    (4) statement -> . PRINT LPAREN expression RPAREN
    (5) statement -> . FONCTION NAME LPAREN RPAREN LACOL BLOC RACOL
    (6) statement -> . NAME LPAREN RPAREN
    (7) statement -> . FONCTION NAME LPAREN expression RPAREN LACOL BLOC RACOL
    (8) statement -> . NAME LPAREN expression RPAREN
    (9) statement -> . PRINTSTR LPAREN STR RPAREN
    (10) statement -> . WHILE LPAREN expression RPAREN LACOL BLOC RACOL
    (11) statement -> . IF LPAREN expression RPAREN LACOL BLOC RACOL
    (12) statement -> . IF LPAREN expression RPAREN LACOL BLOC RACOL ELSE LACOL BLOC RACOL
    (13) statement -> . FOR LPAREN statement SEMICOLON expression SEMICOLON statement RPAREN LACOL BLOC RACOL
    (14) statement -> . NAME AFFECT expression
    (15) statement -> . NAME PLUS PLUS
    (16) statement -> . NAME PLUS AFFECT expression

    RACOL           shift and go to state 90
    PRINT           shift and go to state 4
    FONCTION        shift and go to state 5
    NAME            shift and go to state 6
    PRINTSTR        shift and go to state 7
    WHILE           shift and go to state 8
    IF              shift and go to state 9
    FOR             shift and go to state 10

    statement                      shift and go to state 11

state 89

    (13) statement -> FOR LPAREN statement SEMICOLON expression SEMICOLON statement RPAREN LACOL BLOC . RACOL
    (2) BLOC -> BLOC . statement SEMICOLON
    (4) statement -> . PRINT LPAREN expression RPAREN
    (5) statement -> . FONCTION NAME LPAREN RPAREN LACOL BLOC RACOL
    (6) statement -> . NAME LPAREN RPAREN
    (7) statement -> . FONCTION NAME LPAREN expression RPAREN LACOL BLOC RACOL
    (8) statement -> . NAME LPAREN expression RPAREN
    (9) statement -> . PRINTSTR LPAREN STR RPAREN
    (10) statement -> . WHILE LPAREN expression RPAREN LACOL BLOC RACOL
    (11) statement -> . IF LPAREN expression RPAREN LACOL BLOC RACOL
    (12) statement -> . IF LPAREN expression RPAREN LACOL BLOC RACOL ELSE LACOL BLOC RACOL
    (13) statement -> . FOR LPAREN statement SEMICOLON expression SEMICOLON statement RPAREN LACOL BLOC RACOL
    (14) statement -> . NAME AFFECT expression
    (15) statement -> . NAME PLUS PLUS
    (16) statement -> . NAME PLUS AFFECT expression

    RACOL           shift and go to state 91
    PRINT           shift and go to state 4
    FONCTION        shift and go to state 5
    NAME            shift and go to state 6
    PRINTSTR        shift and go to state 7
    WHILE           shift and go to state 8
    IF              shift and go to state 9
    FOR             shift and go to state 10

    statement                      shift and go to state 11

state 90

    (12) statement -> IF LPAREN expression RPAREN LACOL BLOC RACOL ELSE LACOL BLOC RACOL .

    SEMICOLON       reduce using rule 12 (statement -> IF LPAREN expression RPAREN LACOL BLOC RACOL ELSE LACOL BLOC RACOL .)
    RPAREN          reduce using rule 12 (statement -> IF LPAREN expression RPAREN LACOL BLOC RACOL ELSE LACOL BLOC RACOL .)


state 91

    (13) statement -> FOR LPAREN statement SEMICOLON expression SEMICOLON statement RPAREN LACOL BLOC RACOL .

    SEMICOLON       reduce using rule 13 (statement -> FOR LPAREN statement SEMICOLON expression SEMICOLON statement RPAREN LACOL BLOC RACOL .)
    RPAREN          reduce using rule 13 (statement -> FOR LPAREN statement SEMICOLON expression SEMICOLON statement RPAREN LACOL BLOC RACOL .)

WARNING: 
WARNING: Conflicts:
WARNING: 
WARNING: shift/reduce conflict for PLUS in state 61 resolved as shift
WARNING: shift/reduce conflict for TIMES in state 61 resolved as shift
WARNING: shift/reduce conflict for SAME in state 61 resolved as shift
WARNING: shift/reduce conflict for MINUS in state 61 resolved as shift
WARNING: shift/reduce conflict for DIVIDE in state 61 resolved as shift
WARNING: shift/reduce conflict for AND in state 61 resolved as shift
WARNING: shift/reduce conflict for OR in state 61 resolved as shift
WARNING: shift/reduce conflict for INFTO in state 61 resolved as shift
WARNING: shift/reduce conflict for SUPTO in state 61 resolved as shift
